<?xml version="1.0" encoding="utf-8"?>
<test-run id="2" testcasecount="15" result="Passed" total="15" passed="15" failed="0" inconclusive="0" skipped="0" asserts="0" engine-version="3.5.0.0" clr-version="4.0.30319.42000" start-time="2021-04-29 23:08:18Z" end-time="2021-04-29 23:08:22Z" duration="3.5515678">
  <test-suite type="TestSuite" id="1000" name="testproject" fullname="testproject" runstate="Runnable" testcasecount="15" result="Passed" start-time="2021-04-29 23:08:18Z" end-time="2021-04-29 23:08:22Z" duration="3.551568" total="15" passed="15" failed="0" inconclusive="0" skipped="0" asserts="0">
    <properties />
    <test-suite type="Assembly" id="1024" name="Unity.Multiplayer.MLAPI.RuntimeTests.dll" fullname="C:/Users/pd/UnityWork/com.unity.multiplayer.mlapi/testproject/Library/ScriptAssemblies/Unity.Multiplayer.MLAPI.RuntimeTests.dll" runstate="Runnable" testcasecount="15" result="Passed" start-time="2021-04-29 23:08:18Z" end-time="2021-04-29 23:08:22Z" duration="3.547229" total="15" passed="15" failed="0" inconclusive="0" skipped="0" asserts="0">
      <properties>
        <property name="_PID" value="11372" />
        <property name="_APPDOMAIN" value="Unity Child Domain" />
        <property name="platform" value="PlayMode" />
      </properties>
      <test-suite type="TestSuite" id="1025" name="MLAPI" fullname="MLAPI" runstate="Runnable" testcasecount="15" result="Passed" start-time="2021-04-29 23:08:18Z" end-time="2021-04-29 23:08:22Z" duration="3.546811" total="15" passed="15" failed="0" inconclusive="0" skipped="0" asserts="0">
        <properties />
        <test-suite type="TestSuite" id="1026" name="RuntimeTests" fullname="MLAPI.RuntimeTests" runstate="Runnable" testcasecount="15" result="Passed" start-time="2021-04-29 23:08:18Z" end-time="2021-04-29 23:08:22Z" duration="3.546462" total="15" passed="15" failed="0" inconclusive="0" skipped="0" asserts="0">
          <properties />
          <test-suite type="TestFixture" id="1001" name="NetworkObjectGlobalObjectIdHashTests" fullname="MLAPI.RuntimeTests.NetworkObjectGlobalObjectIdHashTests" classname="MLAPI.RuntimeTests.NetworkObjectGlobalObjectIdHashTests" runstate="Runnable" testcasecount="1" result="Passed" start-time="2021-04-29 23:08:18Z" end-time="2021-04-29 23:08:18Z" duration="0.029658" total="1" passed="1" failed="0" inconclusive="0" skipped="0" asserts="0">
            <properties />
            <test-case id="1002" name="VerifyUniquenessOfNetworkObjects" fullname="MLAPI.RuntimeTests.NetworkObjectGlobalObjectIdHashTests.VerifyUniquenessOfNetworkObjects" methodname="VerifyUniquenessOfNetworkObjects" classname="MLAPI.RuntimeTests.NetworkObjectGlobalObjectIdHashTests" runstate="Runnable" seed="1409706444" result="Passed" start-time="2021-04-29 23:08:18Z" end-time="2021-04-29 23:08:18Z" duration="0.020618" asserts="0">
              <properties />
              <output><![CDATA[
##utp:{"type":"TestStatus","time":1619737698688,"version":2,"phase":"Begin","processId":11372,"name":"MLAPI.RuntimeTests.NetworkObjectGlobalObjectIdHashTests.VerifyUniquenessOfNetworkObjects","state":0}

##utp:{"type":"TestStatus","time":1619737698712,"version":2,"phase":"End","processId":11372,"name":"MLAPI.RuntimeTests.NetworkObjectGlobalObjectIdHashTests.VerifyUniquenessOfNetworkObjects","state":4,"message":"","duration":21,"durationMicroseconds":20618,"stackTrace":""}
]]></output>
            </test-case>
          </test-suite>
          <test-suite type="TestFixture" id="1003" name="NetworkPrefabGlobalObjectIdHashTests" fullname="MLAPI.RuntimeTests.NetworkPrefabGlobalObjectIdHashTests" classname="MLAPI.RuntimeTests.NetworkPrefabGlobalObjectIdHashTests" runstate="Runnable" testcasecount="1" result="Passed" start-time="2021-04-29 23:08:18Z" end-time="2021-04-29 23:08:18Z" duration="0.031467" total="1" passed="1" failed="0" inconclusive="0" skipped="0" asserts="0">
            <properties />
            <test-case id="1004" name="VerifyUniquenessOfNetworkPrefabs" fullname="MLAPI.RuntimeTests.NetworkPrefabGlobalObjectIdHashTests.VerifyUniquenessOfNetworkPrefabs" methodname="VerifyUniquenessOfNetworkPrefabs" classname="MLAPI.RuntimeTests.NetworkPrefabGlobalObjectIdHashTests" runstate="Runnable" seed="938828682" result="Passed" start-time="2021-04-29 23:08:18Z" end-time="2021-04-29 23:08:18Z" duration="0.030999" asserts="0">
              <properties />
              <output><![CDATA[
##utp:{"type":"TestStatus","time":1619737698714,"version":2,"phase":"Begin","processId":11372,"name":"MLAPI.RuntimeTests.NetworkPrefabGlobalObjectIdHashTests.VerifyUniquenessOfNetworkPrefabs","state":0}
[MLAPI] Active scene is not registered as a network scene. The MLAPI has added it

##utp:{"type":"TestStatus","time":1619737698746,"version":2,"phase":"End","processId":11372,"name":"MLAPI.RuntimeTests.NetworkPrefabGlobalObjectIdHashTests.VerifyUniquenessOfNetworkPrefabs","state":4,"message":"","duration":31,"durationMicroseconds":30999,"stackTrace":""}
]]></output>
            </test-case>
          </test-suite>
          <test-suite type="TestFixture" id="1005" name="NetworkPrefabHandlerTests" fullname="MLAPI.RuntimeTests.NetworkPrefabHandlerTests" classname="MLAPI.RuntimeTests.NetworkPrefabHandlerTests" runstate="Runnable" testcasecount="1" result="Passed" start-time="2021-04-29 23:08:18Z" end-time="2021-04-29 23:08:18Z" duration="0.058301" total="1" passed="1" failed="0" inconclusive="0" skipped="0" asserts="0">
            <properties />
            <test-case id="1006" name="NetworkPrefabHandlerClass" fullname="MLAPI.RuntimeTests.NetworkPrefabHandlerTests.NetworkPrefabHandlerClass" methodname="NetworkPrefabHandlerClass" classname="MLAPI.RuntimeTests.NetworkPrefabHandlerTests" runstate="Runnable" seed="990069656" result="Passed" start-time="2021-04-29 23:08:18Z" end-time="2021-04-29 23:08:18Z" duration="0.057782" asserts="0">
              <properties />
              <output><![CDATA[
##utp:{"type":"TestStatus","time":1619737698746,"version":2,"phase":"Begin","processId":11372,"name":"MLAPI.RuntimeTests.NetworkPrefabHandlerTests.NetworkPrefabHandlerClass","state":0}
NetworkManager Instantiated.
Host started.
NetworkManager shutdown.
Host stopped.
NetworkManager destroyed.

##utp:{"type":"TestStatus","time":1619737698804,"version":2,"phase":"End","processId":11372,"name":"MLAPI.RuntimeTests.NetworkPrefabHandlerTests.NetworkPrefabHandlerClass","state":4,"message":"","duration":58,"durationMicroseconds":57782,"stackTrace":""}
]]></output>
            </test-case>
          </test-suite>
          <test-suite type="TestFixture" id="1007" name="NetworkSceneManagerCallbackTests" fullname="MLAPI.RuntimeTests.NetworkSceneManagerCallbackTests" classname="MLAPI.RuntimeTests.NetworkSceneManagerCallbackTests" runstate="Runnable" testcasecount="2" result="Passed" start-time="2021-04-29 23:08:18Z" end-time="2021-04-29 23:08:18Z" duration="0.096618" total="2" passed="2" failed="0" inconclusive="0" skipped="0" asserts="0">
            <properties />
            <test-case id="1009" name="TestOnAllClientsLoadedScene" fullname="MLAPI.RuntimeTests.NetworkSceneManagerCallbackTests.TestOnAllClientsLoadedScene" methodname="TestOnAllClientsLoadedScene" classname="MLAPI.RuntimeTests.NetworkSceneManagerCallbackTests" runstate="Runnable" seed="2041111952" result="Passed" start-time="2021-04-29 23:08:18Z" end-time="2021-04-29 23:08:18Z" duration="0.054740" asserts="0">
              <properties>
                <property name="_JOINTYPE" value="UnityCombinatorial" />
              </properties>
              <output><![CDATA[
##utp:{"type":"TestStatus","time":1619737698805,"version":2,"phase":"Begin","processId":11372,"name":"MLAPI.RuntimeTests.NetworkSceneManagerCallbackTests.TestOnAllClientsLoadedScene","state":0}
NetworkManager Instantiated.
[MLAPI] The current scene (SceneWeAreSwitchingFrom) is not regisered as a network scene.
Host started.
OnAllClientsLoadedScene invoked on the host, all good.
NetworkManager shutdown.
Host stopped.
NetworkManager destroyed.

##utp:{"type":"TestStatus","time":1619737698860,"version":2,"phase":"End","processId":11372,"name":"MLAPI.RuntimeTests.NetworkSceneManagerCallbackTests.TestOnAllClientsLoadedScene","state":4,"message":"","duration":55,"durationMicroseconds":54740,"stackTrace":""}
]]></output>
            </test-case>
            <test-case id="1008" name="TestOnClientLoadedScene" fullname="MLAPI.RuntimeTests.NetworkSceneManagerCallbackTests.TestOnClientLoadedScene" methodname="TestOnClientLoadedScene" classname="MLAPI.RuntimeTests.NetworkSceneManagerCallbackTests" runstate="Runnable" seed="1338530577" result="Passed" start-time="2021-04-29 23:08:18Z" end-time="2021-04-29 23:08:18Z" duration="0.040436" asserts="0">
              <properties>
                <property name="_JOINTYPE" value="UnityCombinatorial" />
              </properties>
              <output><![CDATA[
##utp:{"type":"TestStatus","time":1619737698860,"version":2,"phase":"Begin","processId":11372,"name":"MLAPI.RuntimeTests.NetworkSceneManagerCallbackTests.TestOnClientLoadedScene","state":0}
NetworkManager Instantiated.
[MLAPI] The current scene (SceneWeAreSwitchingFrom) is not regisered as a network scene.
Host started.
OnClientLoadedScene invoked on the host, all good.
NetworkManager shutdown.
Host stopped.
NetworkManager destroyed.

##utp:{"type":"TestStatus","time":1619737698901,"version":2,"phase":"End","processId":11372,"name":"MLAPI.RuntimeTests.NetworkSceneManagerCallbackTests.TestOnClientLoadedScene","state":4,"message":"","duration":40,"durationMicroseconds":40436,"stackTrace":""}
]]></output>
            </test-case>
          </test-suite>
          <test-suite type="TestFixture" id="1010" name="NetworkSceneManagerTests" fullname="MLAPI.RuntimeTests.NetworkSceneManagerTests" classname="MLAPI.RuntimeTests.NetworkSceneManagerTests" runstate="Runnable" testcasecount="1" result="Passed" start-time="2021-04-29 23:08:18Z" end-time="2021-04-29 23:08:18Z" duration="0.024838" total="1" passed="1" failed="0" inconclusive="0" skipped="0" asserts="0">
            <properties />
            <test-case id="1011" name="SwitchSceneWithoutSceneManagement" fullname="MLAPI.RuntimeTests.NetworkSceneManagerTests.SwitchSceneWithoutSceneManagement" methodname="SwitchSceneWithoutSceneManagement" classname="MLAPI.RuntimeTests.NetworkSceneManagerTests" runstate="Runnable" seed="502235294" result="Passed" start-time="2021-04-29 23:08:18Z" end-time="2021-04-29 23:08:18Z" duration="0.020648" asserts="0">
              <properties />
              <output><![CDATA[
##utp:{"type":"TestStatus","time":1619737698905,"version":2,"phase":"Begin","processId":11372,"name":"MLAPI.RuntimeTests.NetworkSceneManagerTests.SwitchSceneWithoutSceneManagement","state":0}
NetworkManager Instantiated.
Host started.
NetworkManager shutdown.
Host stopped.
NetworkManager destroyed.

##utp:{"type":"TestStatus","time":1619737698926,"version":2,"phase":"End","processId":11372,"name":"MLAPI.RuntimeTests.NetworkSceneManagerTests.SwitchSceneWithoutSceneManagement","state":4,"message":"","duration":21,"durationMicroseconds":20648,"stackTrace":""}
]]></output>
            </test-case>
          </test-suite>
          <test-suite type="TestFixture" id="1012" name="NetworkUpdateLoopTests" fullname="MLAPI.RuntimeTests.NetworkUpdateLoopTests" classname="MLAPI.RuntimeTests.NetworkUpdateLoopTests" runstate="Runnable" testcasecount="5" result="Passed" start-time="2021-04-29 23:08:18Z" end-time="2021-04-29 23:08:18Z" duration="0.010789" total="5" passed="5" failed="0" inconclusive="0" skipped="0" asserts="0">
            <properties />
            <test-case id="1014" name="RegisterAndUnregisterSystems" fullname="MLAPI.RuntimeTests.NetworkUpdateLoopTests.RegisterAndUnregisterSystems" methodname="RegisterAndUnregisterSystems" classname="MLAPI.RuntimeTests.NetworkUpdateLoopTests" runstate="Runnable" seed="324508811" result="Passed" start-time="2021-04-29 23:08:18Z" end-time="2021-04-29 23:08:18Z" duration="0.001822" asserts="0">
              <properties>
                <property name="_JOINTYPE" value="UnityCombinatorial" />
              </properties>
              <output><![CDATA[
##utp:{"type":"TestStatus","time":1619737698927,"version":2,"phase":"Begin","processId":11372,"name":"MLAPI.RuntimeTests.NetworkUpdateLoopTests.RegisterAndUnregisterSystems","state":0}

##utp:{"type":"TestStatus","time":1619737698928,"version":2,"phase":"End","processId":11372,"name":"MLAPI.RuntimeTests.NetworkUpdateLoopTests.RegisterAndUnregisterSystems","state":4,"message":"","duration":2,"durationMicroseconds":1822,"stackTrace":""}
]]></output>
            </test-case>
            <test-case id="1013" name="RegisterCustomLoopInTheMiddle" fullname="MLAPI.RuntimeTests.NetworkUpdateLoopTests.RegisterCustomLoopInTheMiddle" methodname="RegisterCustomLoopInTheMiddle" classname="MLAPI.RuntimeTests.NetworkUpdateLoopTests" runstate="Runnable" seed="1256025272" result="Passed" start-time="2021-04-29 23:08:18Z" end-time="2021-04-29 23:08:18Z" duration="0.001049" asserts="0">
              <properties />
              <output><![CDATA[
##utp:{"type":"TestStatus","time":1619737698929,"version":2,"phase":"Begin","processId":11372,"name":"MLAPI.RuntimeTests.NetworkUpdateLoopTests.RegisterCustomLoopInTheMiddle","state":0}

##utp:{"type":"TestStatus","time":1619737698930,"version":2,"phase":"End","processId":11372,"name":"MLAPI.RuntimeTests.NetworkUpdateLoopTests.RegisterCustomLoopInTheMiddle","state":4,"message":"","duration":1,"durationMicroseconds":1048,"stackTrace":""}
]]></output>
            </test-case>
            <test-case id="1017" name="UpdateStagesMixed" fullname="MLAPI.RuntimeTests.NetworkUpdateLoopTests.UpdateStagesMixed" methodname="UpdateStagesMixed" classname="MLAPI.RuntimeTests.NetworkUpdateLoopTests" runstate="Runnable" seed="502453713" result="Passed" start-time="2021-04-29 23:08:18Z" end-time="2021-04-29 23:08:18Z" duration="0.003075" asserts="0">
              <properties>
                <property name="_JOINTYPE" value="UnityCombinatorial" />
              </properties>
              <output><![CDATA[
##utp:{"type":"TestStatus","time":1619737698930,"version":2,"phase":"Begin","processId":11372,"name":"MLAPI.RuntimeTests.NetworkUpdateLoopTests.UpdateStagesMixed","state":0}

##utp:{"type":"TestStatus","time":1619737698933,"version":2,"phase":"End","processId":11372,"name":"MLAPI.RuntimeTests.NetworkUpdateLoopTests.UpdateStagesMixed","state":4,"message":"","duration":3,"durationMicroseconds":3075,"stackTrace":""}
]]></output>
            </test-case>
            <test-case id="1016" name="UpdateStagesPlain" fullname="MLAPI.RuntimeTests.NetworkUpdateLoopTests.UpdateStagesPlain" methodname="UpdateStagesPlain" classname="MLAPI.RuntimeTests.NetworkUpdateLoopTests" runstate="Runnable" seed="1863246458" result="Passed" start-time="2021-04-29 23:08:18Z" end-time="2021-04-29 23:08:18Z" duration="0.002256" asserts="0">
              <properties>
                <property name="_JOINTYPE" value="UnityCombinatorial" />
              </properties>
              <output><![CDATA[
##utp:{"type":"TestStatus","time":1619737698933,"version":2,"phase":"Begin","processId":11372,"name":"MLAPI.RuntimeTests.NetworkUpdateLoopTests.UpdateStagesPlain","state":0}

##utp:{"type":"TestStatus","time":1619737698935,"version":2,"phase":"End","processId":11372,"name":"MLAPI.RuntimeTests.NetworkUpdateLoopTests.UpdateStagesPlain","state":4,"message":"","duration":2,"durationMicroseconds":2256,"stackTrace":""}
]]></output>
            </test-case>
            <test-case id="1015" name="UpdateStageSystems" fullname="MLAPI.RuntimeTests.NetworkUpdateLoopTests.UpdateStageSystems" methodname="UpdateStageSystems" classname="MLAPI.RuntimeTests.NetworkUpdateLoopTests" runstate="Runnable" seed="2115431970" result="Passed" start-time="2021-04-29 23:08:18Z" end-time="2021-04-29 23:08:18Z" duration="0.001173" asserts="0">
              <properties />
              <output><![CDATA[
##utp:{"type":"TestStatus","time":1619737698935,"version":2,"phase":"Begin","processId":11372,"name":"MLAPI.RuntimeTests.NetworkUpdateLoopTests.UpdateStageSystems","state":0}

##utp:{"type":"TestStatus","time":1619737698937,"version":2,"phase":"End","processId":11372,"name":"MLAPI.RuntimeTests.NetworkUpdateLoopTests.UpdateStageSystems","state":4,"message":"","duration":1,"durationMicroseconds":1173,"stackTrace":""}
]]></output>
            </test-case>
          </test-suite>
          <test-suite type="TestFixture" id="1018" name="RpcQueueTests" fullname="MLAPI.RuntimeTests.RpcQueueTests" classname="MLAPI.RuntimeTests.RpcQueueTests" runstate="Runnable" testcasecount="3" result="Passed" start-time="2021-04-29 23:08:18Z" end-time="2021-04-29 23:08:19Z" duration="0.291630" total="3" passed="3" failed="0" inconclusive="0" skipped="0" asserts="0">
            <properties />
            <output><![CDATA[NetworkManager Instantiated.
Host started.
]]></output>
            <test-case id="1020" name="BufferDataValidation" fullname="MLAPI.RuntimeTests.RpcQueueTests.BufferDataValidation" methodname="BufferDataValidation" classname="MLAPI.RuntimeTests.RpcQueueTests" runstate="Runnable" seed="319583049" result="Passed" start-time="2021-04-29 23:08:18Z" end-time="2021-04-29 23:08:19Z" duration="0.188130" asserts="0">
              <properties>
                <property name="_JOINTYPE" value="UnityCombinatorial" />
              </properties>
              <output><![CDATA[
##utp:{"type":"TestStatus","time":1619737698943,"version":2,"phase":"Begin","processId":11372,"name":"MLAPI.RuntimeTests.RpcQueueTests.BufferDataValidation","state":0}
Tested buffer size of 1 -- OK
Tested buffer size of 2 -- OK
Tested buffer size of 4 -- OK
Tested buffer size of 8 -- OK
Tested buffer size of 16 -- OK
Tested buffer size of 32 -- OK
Tested buffer size of 64 -- OK
Tested buffer size of 128 -- OK
Tested buffer size of 256 -- OK
Tested buffer size of 512 -- OK
Tested buffer size of 1024 -- OK
Tested buffer size of 2048 -- OK
Tested buffer size of 4096 -- OK
Tested buffer size of 8192 -- OK
Tested buffer size of 16384 -- OK
Tested buffer size of 32768 -- OK
Tested buffer size of 65536 -- OK
Tested buffer size of 131072 -- OK
Tested buffer size of 262144 -- OK
Tested buffer size of 524288 -- OK
Tested buffer size of 1048576 -- OK

##utp:{"type":"TestStatus","time":1619737699131,"version":2,"phase":"End","processId":11372,"name":"MLAPI.RuntimeTests.RpcQueueTests.BufferDataValidation","state":4,"message":"","duration":188,"durationMicroseconds":188130,"stackTrace":""}
]]></output>
            </test-case>
            <test-case id="1021" name="RpcQueueContainerClass" fullname="MLAPI.RuntimeTests.RpcQueueTests.RpcQueueContainerClass" methodname="RpcQueueContainerClass" classname="MLAPI.RuntimeTests.RpcQueueTests" runstate="Runnable" seed="230471829" result="Passed" start-time="2021-04-29 23:08:19Z" end-time="2021-04-29 23:08:19Z" duration="0.002509" asserts="0">
              <properties />
              <output><![CDATA[
##utp:{"type":"TestStatus","time":1619737699131,"version":2,"phase":"Begin","processId":11372,"name":"MLAPI.RuntimeTests.RpcQueueTests.RpcQueueContainerClass","state":0}

##utp:{"type":"TestStatus","time":1619737699133,"version":2,"phase":"End","processId":11372,"name":"MLAPI.RuntimeTests.RpcQueueTests.RpcQueueContainerClass","state":4,"message":"","duration":3,"durationMicroseconds":2508,"stackTrace":""}
]]></output>
            </test-case>
            <test-case id="1019" name="UpdateStagesInvocation" fullname="MLAPI.RuntimeTests.RpcQueueTests.UpdateStagesInvocation" methodname="UpdateStagesInvocation" classname="MLAPI.RuntimeTests.RpcQueueTests" runstate="Runnable" seed="309950707" result="Passed" start-time="2021-04-29 23:08:19Z" end-time="2021-04-29 23:08:19Z" duration="0.081091" asserts="0">
              <properties>
                <property name="_JOINTYPE" value="UnityCombinatorial" />
              </properties>
              <output><![CDATA[
##utp:{"type":"TestStatus","time":1619737699133,"version":2,"phase":"Begin","processId":11372,"name":"MLAPI.RuntimeTests.RpcQueueTests.UpdateStagesInvocation","state":0}
Running TestNetworkUpdateStages: 
PingMySelfServerRpc: [HostClient][ServerRpc][1] invoked during the Initialization stage.
PingMySelfClientRpc: [HostServer][ClientRpc][1]  invoked during the Initialization stage. (previous output line should confirm this)
PingMySelfServerRpc: [HostClient][ServerRpc][2] invoked during the EarlyUpdate stage.
PingMySelfClientRpc: [HostServer][ClientRpc][2]  invoked during the EarlyUpdate stage. (previous output line should confirm this)
PingMySelfServerRpc: [HostClient][ServerRpc][3] invoked during the FixedUpdate stage.
PingMySelfClientRpc: [HostServer][ClientRpc][3]  invoked during the FixedUpdate stage. (previous output line should confirm this)
PingMySelfServerRpc: [HostClient][ServerRpc][4] invoked during the PreUpdate stage.
PingMySelfClientRpc: [HostServer][ClientRpc][4]  invoked during the PreUpdate stage. (previous output line should confirm this)
PingMySelfServerRpc: [HostClient][ServerRpc][5] invoked during the Update stage.
PingMySelfClientRpc: [HostServer][ClientRpc][5]  invoked during the Update stage. (previous output line should confirm this)
PingMySelfServerRpc: [HostClient][ServerRpc][6] invoked during the PreLateUpdate stage.
PingMySelfClientRpc: [HostServer][ClientRpc][6]  invoked during the PreLateUpdate stage. (previous output line should confirm this)
PingMySelfServerRpc: [HostClient][ServerRpc][7] invoked during the PostLateUpdate stage.
PingMySelfClientRpc: [HostServer][ClientRpc][7]  invoked during the PostLateUpdate stage. (previous output line should confirm this)
Exiting status => testsAreComplete: True - testsAreValidated: True -exceededMaximumStageIterations: False

##utp:{"type":"TestStatus","time":1619737699215,"version":2,"phase":"End","processId":11372,"name":"MLAPI.RuntimeTests.RpcQueueTests.UpdateStagesInvocation","state":4,"message":"","duration":81,"durationMicroseconds":81091,"stackTrace":""}
NetworkManager shutdown.
Host stopped.
NetworkManager destroyed.
]]></output>
            </test-case>
          </test-suite>
          <test-suite type="TestFixture" id="1022" name="TickSystemTests" fullname="MLAPI.RuntimeTests.TickSystemTests" classname="MLAPI.RuntimeTests.TickSystemTests" runstate="Runnable" testcasecount="1" result="Passed" start-time="2021-04-29 23:08:19Z" end-time="2021-04-29 23:08:22Z" duration="3.001577" total="1" passed="1" failed="0" inconclusive="0" skipped="0" asserts="0">
            <properties />
            <test-case id="1023" name="VerifyTickSystem" fullname="MLAPI.RuntimeTests.TickSystemTests.VerifyTickSystem" methodname="VerifyTickSystem" classname="MLAPI.RuntimeTests.TickSystemTests" runstate="Runnable" seed="1985187784" result="Passed" start-time="2021-04-29 23:08:19Z" end-time="2021-04-29 23:08:22Z" duration="3.000772" asserts="0">
              <properties>
                <property name="_JOINTYPE" value="UnityCombinatorial" />
              </properties>
              <output><![CDATA[
##utp:{"type":"TestStatus","time":1619737699229,"version":2,"phase":"Begin","processId":11372,"name":"MLAPI.RuntimeTests.TickSystemTests.VerifyTickSystem","state":0}

##utp:{"type":"TestStatus","time":1619737702230,"version":2,"phase":"End","processId":11372,"name":"MLAPI.RuntimeTests.TickSystemTests.VerifyTickSystem","state":4,"message":"","duration":3001,"durationMicroseconds":3000772,"stackTrace":""}
]]></output>
            </test-case>
          </test-suite>
        </test-suite>
      </test-suite>
    </test-suite>
  </test-suite>
</test-run>